#
# A fatal error has been detected by the Java Runtime Environment:
#
#  EXCEPTION_ACCESS_VIOLATION (0xc0000005) at pc=0x000000006a947c1a, pid=916, tid=0x0000000000000b8c
#
# JRE version: OpenJDK Runtime Environment (8.0_112-b06) (build 1.8.0_112-release-b06)
# Java VM: OpenJDK 64-Bit Server VM (25.112-b06 mixed mode windows-amd64 compressed oops)
# Problematic frame:
# V  [jvm.dll+0x3c7c1a]
#
# Failed to write core dump. Minidumps are not enabled by default on client versions of Windows
#
# If you would like to submit a bug report, please visit:
#   http://bugreport.java.com/bugreport/crash.jsp
#

---------------  T H R E A D  ---------------

Current thread (0x0000000015ab5800):  VMThread [stack: 0x0000000016b40000,0x0000000016c40000] [id=2956]

siginfo: ExceptionCode=0xc0000005, reading address 0xffffffffffffffff

Registers:
RAX=0x00001fffffffec00, RBX=0x00009fffffff9c00, RCX=0x000000006ad41970, RDX=0x0000000000000005
RSP=0x0000000016c3efd0, RBP=0x000000006ad41970, RSI=0x0000000000720000, RDI=0x0000000000000005
R8 =0x0000000000010000, R9 =0x00000000000008dc, R10=0x0000000000000024, R11=0x0000000000000900
R12=0x00000000a0d7ffe8, R13=0x0000000000000004, R14=0x0000000000000000, R15=0x000000000208c7b0
RIP=0x000000006a947c1a, EFLAGS=0x0000000000010a06

Top of Stack: (sp=0x0000000016c3efd0)
0x0000000016c3efd0:   0000000000000881 000000006ad41970
0x0000000016c3efe0:   0000000000720000 000000006a67adba
0x0000000016c3eff0:   00000000a0d7ffe8 00000001002bfd10
0x0000000016c3f000:   00000000a0d80008 000000006a6638d6
0x0000000016c3f010:   00000000a05fffe8 00000000a0d80000
0x0000000016c3f020:   00000001002bfd18 000000000216a500
0x0000000016c3f030:   0000000002081bc0 0000000000000000
0x0000000016c3f040:   000000000208c7d0 000000006a947640
0x0000000016c3f050:   0000000000720410 000000000216a500
0x0000000016c3f060:   0000000000720e60 0000000000000000
0x0000000016c3f070:   000000000216a500 000000006a94893a
0x0000000016c3f080:   0000000000000000 000000006ad04290
0x0000000016c3f090:   000000001e4d1bd0 000000001e4d1bd0
0x0000000016c3f0a0:   000000006ad04290 0000000000000010
0x0000000016c3f0b0:   000000006ab75ac0 0000000000000004
0x0000000016c3f0c0:   0000000015a12dd0 0000000000000004 

Instructions: (pc=0x000000006a947c1a)
0x000000006a947bfa:   56 57 41 54 48 83 ec 20 48 8b 71 18 48 8b c2 48
0x000000006a947c0a:   8b fa 48 2b 01 48 8b e9 48 c1 e8 13 48 8d 1c 80
0x000000006a947c1a:   44 8b 44 de 1c 8b 44 de 18 4c 8b 24 de 41 81 e0
0x000000006a947c2a:   ff ff ff 07 4c 03 c0 49 81 f8 00 00 01 00 75 09 


Register to memory mapping:

RAX=0x00001fffffffec00 is an unknown value
RBX=0x00009fffffff9c00 is an unknown value
RCX=0x000000006ad41970 is an unknown value
RDX=0x0000000000000005 is an unknown value
RSP=0x0000000016c3efd0 is an unknown value
RBP=0x000000006ad41970 is an unknown value
RSI=0x0000000000720000 is an unknown value
RDI=0x0000000000000005 is an unknown value
R8 =0x0000000000010000 is an unknown value
R9 =0x00000000000008dc is an unknown value
R10=0x0000000000000024 is an unknown value
R11=0x0000000000000900 is an unknown value
R12=0x00000000a0d7ffe8 is an oop
groovy.lang.MetaBeanProperty 
 - klass: 'groovy/lang/MetaBeanProperty'
R13=0x0000000000000004 is an unknown value
R14=0x0000000000000000 is an unknown value
R15=0x000000000208c7b0 is an unknown value


Stack: [0x0000000016b40000,0x0000000016c40000],  sp=0x0000000016c3efd0,  free space=1019k
Native frames: (J=compiled Java code, j=interpreted, Vv=VM code, C=native code)
V  [jvm.dll+0x3c7c1a]
V  [jvm.dll+0xe38d6]
V  [jvm.dll+0x3c7640]
V  [jvm.dll+0x3c893a]
V  [jvm.dll+0x3c9943]
V  [jvm.dll+0x3c9f0b]
V  [jvm.dll+0x3cfef5]
V  [jvm.dll+0x2228c7]
V  [jvm.dll+0x221b82]
V  [jvm.dll+0x222001]
V  [jvm.dll+0x22221e]
V  [jvm.dll+0x26c13a]
C  [msvcr100.dll+0x21d9f]
C  [msvcr100.dll+0x21e3b]
C  [KERNEL32.DLL+0x12d92]
C  [ntdll.dll+0x9f64]

VM_Operation (0x000000001afeb950): ParallelGCSystemGC, mode: safepoint, requested by thread 0x000000001864e000


---------------  P R O C E S S  ---------------

Java Threads: ( => current thread )
  0x000000001956c800 JavaThread "Cache update executor" [_thread_blocked, id=5292, stack(0x000000001f470000,0x000000001f570000)]
  0x0000000019569000 JavaThread "Stdin handler" [_thread_blocked, id=1656, stack(0x000000001e120000,0x000000001e220000)]
  0x0000000019568000 JavaThread "Asynchronous log dispatcher for DefaultDaemonConnection: socket connection from /127.0.0.1:59887 to /127.0.0.1:59900" [_thread_blocked, id=1288, stack(0x000000001c8c0000,0x000000001c9c0000)]
  0x000000001956d800 JavaThread "Cancel handler" [_thread_blocked, id=584, stack(0x000000001b0f0000,0x000000001b1f0000)]
  0x000000001956b000 JavaThread "Handler for socket connection from /127.0.0.1:59887 to /127.0.0.1:59900" [_thread_in_native, id=8408, stack(0x000000001aff0000,0x000000001b0f0000)]
  0x00000000186e5000 JavaThread "File lock request listener" [_thread_in_native, id=5400, stack(0x000000001b3f0000,0x000000001b4f0000)]
  0x000000001864e000 JavaThread "Daemon worker" [_thread_blocked, id=7428, stack(0x000000001aef0000,0x000000001aff0000)]
  0x00000000187f3000 JavaThread "pool-1-thread-1" [_thread_blocked, id=7264, stack(0x000000001acf0000,0x000000001adf0000)]
  0x00000000187e9000 JavaThread "Daemon" [_thread_blocked, id=8880, stack(0x000000001aaf0000,0x000000001abf0000)]
  0x00000000186cc000 JavaThread "Incoming local TCP Connector on port 59887" [_thread_in_native, id=4428, stack(0x000000001a1c0000,0x000000001a2c0000)]
  0x0000000017448800 JavaThread "Service Thread" daemon [_thread_blocked, id=5992, stack(0x0000000017820000,0x0000000017920000)]
  0x0000000015af0800 JavaThread "C1 CompilerThread2" daemon [_thread_blocked, id=4240, stack(0x0000000017320000,0x0000000017420000)]
  0x0000000015ae7800 JavaThread "C2 CompilerThread1" daemon [_thread_blocked, id=7900, stack(0x0000000017220000,0x0000000017320000)]
  0x0000000015af7800 JavaThread "C2 CompilerThread0" daemon [_thread_blocked, id=4624, stack(0x0000000017120000,0x0000000017220000)]
  0x0000000015af6000 JavaThread "Attach Listener" daemon [_thread_blocked, id=5060, stack(0x0000000017020000,0x0000000017120000)]
  0x0000000015af4800 JavaThread "Signal Dispatcher" daemon [_thread_blocked, id=7488, stack(0x0000000016f20000,0x0000000017020000)]
  0x0000000015ad8800 JavaThread "Finalizer" daemon [_thread_blocked, id=6756, stack(0x0000000016d40000,0x0000000016e40000)]
  0x0000000002170000 JavaThread "Reference Handler" daemon [_thread_blocked, id=8220, stack(0x0000000016c40000,0x0000000016d40000)]
  0x0000000002081000 JavaThread "main" [_thread_blocked, id=5028, stack(0x0000000001f00000,0x0000000002000000)]

Other Threads:
=>0x0000000015ab5800 VMThread [stack: 0x0000000016b40000,0x0000000016c40000] [id=2956]
  0x0000000015b4b800 WatcherThread [stack: 0x0000000017920000,0x0000000017a20000] [id=7228]

VM state:at safepoint (normal execution)

VM Mutex/Monitor currently owned by a thread:  ([mutex/lock_event])
[0x000000000205ba80] Threads_lock - owner thread: 0x0000000015ab5800
[0x000000000205c080] Heap_lock - owner thread: 0x000000001864e000

Heap:
 PSYoungGen      total 222720K, used 8160K [0x00000000e0000000, 0x00000000ef280000, 0x0000000100000000)
  eden space 197120K, 0% used [0x00000000e0000000,0x00000000e0000000,0x00000000ec080000)
  from space 25600K, 31% used [0x00000000ec080000,0x00000000ec878000,0x00000000ed980000)
  to   space 25600K, 0% used [0x00000000ed980000,0x00000000ed980000,0x00000000ef280000)
 ParOldGen       total 301568K, used 42692K [0x00000000a0000000, 0x00000000b2680000, 0x00000000e0000000)
  object space 301568K, 14% used [0x00000000a0000000,0x00000000a29b1038,0x00000000b2680000)
 Metaspace       used 62349K, capacity 64888K, committed 65152K, reserved 1105920K
  class space    used 8226K, capacity 8755K, committed 8832K, reserved 1048576K

Card table byte_map: [0x0000000011540000,0x0000000011850000] byte_map_base: 0x0000000011040000

Marking Bits: (ParMarkBitMap*) 0x000000006ad418f0
 Begin Bits: [0x0000000011e50000, 0x0000000013650000)
 End Bits:   [0x0000000013650000, 0x0000000014e50000)

Polling page: 0x00000000006f0000

CodeCache: size=245760Kb used=30094Kb max_used=30094Kb free=215665Kb
 bounds [0x0000000002180000, 0x0000000003f10000, 0x0000000011180000]
 total_blobs=9720 nmethods=8958 adapters=674
 compilation: enabled

Compilation events (10 events):
Event: 67.248 Thread 0x0000000015af0800 10733       3       com.google.common.collect.AbstractMapBasedMultimap$AsMap::get (30 bytes)
Event: 67.248 Thread 0x0000000015af0800 nmethod 10733 0x0000000003f06ed0 code [0x0000000003f07080, 0x0000000003f076c8]
Event: 67.248 Thread 0x0000000015af0800 10735       3       org.gradle.model.internal.registry.DefaultModelRegistry$Discover::<init> (12 bytes)
Event: 67.249 Thread 0x0000000015af0800 nmethod 10735 0x0000000003f07990 code [0x0000000003f07b00, 0x0000000003f07e30]
Event: 67.249 Thread 0x0000000015af0800 10734       1       org.gradle.execution.taskgraph.TaskInfo::getFinalizers (5 bytes)
Event: 67.249 Thread 0x0000000015af0800 nmethod 10734 0x0000000003f07fd0 code [0x0000000003f08120, 0x0000000003f08230]
Event: 67.249 Thread 0x0000000015af0800 10736       1       org.gradle.model.internal.registry.ModelNodeInternal::setState (6 bytes)
Event: 67.249 Thread 0x0000000015af0800 nmethod 10736 0x0000000003f08290 code [0x0000000003f083e0, 0x0000000003f08510]
Event: 67.250 Thread 0x0000000015af0800 10737       3       org.gradle.internal.service.DefaultServiceRegistry$OwnServices::getAll (55 bytes)
Event: 67.250 Thread 0x0000000015af0800 nmethod 10737 0x0000000003f08590 code [0x0000000003f08740, 0x0000000003f08d98]

GC Heap History (10 events):
Event: 10.460 GC heap after
Heap after GC invocations=12 (full 2):
 PSYoungGen      total 186368K, used 22203K [0x00000000e0000000, 0x00000000ee200000, 0x0000000100000000)
  eden space 161792K, 0% used [0x00000000e0000000,0x00000000e0000000,0x00000000e9e00000)
  from space 24576K, 90% used [0x00000000eb800000,0x00000000ecdaed68,0x00000000ed000000)
  to   space 26624K, 0% used [0x00000000e9e00000,0x00000000e9e00000,0x00000000eb800000)
 ParOldGen       total 207872K, used 32925K [0x00000000a0000000, 0x00000000acb00000, 0x00000000e0000000)
  object space 207872K, 15% used [0x00000000a0000000,0x00000000a2027688,0x00000000acb00000)
 Metaspace       used 56799K, capacity 59024K, committed 59136K, reserved 1099776K
  class space    used 7626K, capacity 8087K, committed 8192K, reserved 1048576K
}
Event: 10.460 GC heap before
{Heap before GC invocations=13 (full 3):
 PSYoungGen      total 186368K, used 22203K [0x00000000e0000000, 0x00000000ee200000, 0x0000000100000000)
  eden space 161792K, 0% used [0x00000000e0000000,0x00000000e0000000,0x00000000e9e00000)
  from space 24576K, 90% used [0x00000000eb800000,0x00000000ecdaed68,0x00000000ed000000)
  to   space 26624K, 0% used [0x00000000e9e00000,0x00000000e9e00000,0x00000000eb800000)
 ParOldGen       total 207872K, used 32925K [0x00000000a0000000, 0x00000000acb00000, 0x00000000e0000000)
  object space 207872K, 15% used [0x00000000a0000000,0x00000000a2027688,0x00000000acb00000)
 Metaspace       used 56799K, capacity 59024K, committed 59136K, reserved 1099776K
  class space    used 7626K, capacity 8087K, committed 8192K, reserved 1048576K
Event: 10.746 GC heap after
Heap after GC invocations=13 (full 3):
 PSYoungGen      total 186368K, used 0K [0x00000000e0000000, 0x00000000ee200000, 0x0000000100000000)
  eden space 161792K, 0% used [0x00000000e0000000,0x00000000e0000000,0x00000000e9e00000)
  from space 24576K, 0% used [0x00000000eb800000,0x00000000eb800000,0x00000000ed000000)
  to   space 26624K, 0% used [0x00000000e9e00000,0x00000000e9e00000,0x00000000eb800000)
 ParOldGen       total 301568K, used 42668K [0x00000000a0000000, 0x00000000b2680000, 0x00000000e0000000)
  object space 301568K, 14% used [0x00000000a0000000,0x00000000a29ab038,0x00000000b2680000)
 Metaspace       used 56799K, capacity 59024K, committed 59136K, reserved 1099776K
  class space    used 7626K, capacity 8087K, committed 8192K, reserved 1048576K
}
Event: 17.587 GC heap before
{Heap before GC invocations=14 (full 3):
 PSYoungGen      total 186368K, used 161792K [0x00000000e0000000, 0x00000000ee200000, 0x0000000100000000)
  eden space 161792K, 100% used [0x00000000e0000000,0x00000000e9e00000,0x00000000e9e00000)
  from space 24576K, 0% used [0x00000000eb800000,0x00000000eb800000,0x00000000ed000000)
  to   space 26624K, 0% used [0x00000000e9e00000,0x00000000e9e00000,0x00000000eb800000)
 ParOldGen       total 301568K, used 42668K [0x00000000a0000000, 0x00000000b2680000, 0x00000000e0000000)
  object space 301568K, 14% used [0x00000000a0000000,0x00000000a29ab038,0x00000000b2680000)
 Metaspace       used 61300K, capacity 63790K, committed 64000K, reserved 1103872K
  class space    used 8151K, capacity 8682K, committed 8704K, reserved 1048576K
Event: 17.594 GC heap after
Heap after GC invocations=14 (full 3):
 PSYoungGen      total 188416K, used 6192K [0x00000000e0000000, 0x00000000ef800000, 0x0000000100000000)
  eden space 161792K, 0% used [0x00000000e0000000,0x00000000e0000000,0x00000000e9e00000)
  from space 26624K, 23% used [0x00000000e9e00000,0x00000000ea40c2e0,0x00000000eb800000)
  to   space 26624K, 0% used [0x00000000ede00000,0x00000000ede00000,0x00000000ef800000)
 ParOldGen       total 301568K, used 42676K [0x00000000a0000000, 0x00000000b2680000, 0x00000000e0000000)
  object space 301568K, 14% used [0x00000000a0000000,0x00000000a29ad038,0x00000000b2680000)
 Metaspace       used 61300K, capacity 63790K, committed 64000K, reserved 1103872K
  class space    used 8151K, capacity 8682K, committed 8704K, reserved 1048576K
}
Event: 18.569 GC heap before
{Heap before GC invocations=15 (full 3):
 PSYoungGen      total 188416K, used 167984K [0x00000000e0000000, 0x00000000ef800000, 0x0000000100000000)
  eden space 161792K, 100% used [0x00000000e0000000,0x00000000e9e00000,0x00000000e9e00000)
  from space 26624K, 23% used [0x00000000e9e00000,0x00000000ea40c2e0,0x00000000eb800000)
  to   space 26624K, 0% used [0x00000000ede00000,0x00000000ede00000,0x00000000ef800000)
 ParOldGen       total 301568K, used 42676K [0x00000000a0000000, 0x00000000b2680000, 0x00000000e0000000)
  object space 301568K, 14% used [0x00000000a0000000,0x00000000a29ad038,0x00000000b2680000)
 Metaspace       used 61861K, capacity 64340K, committed 64640K, reserved 1105920K
  class space    used 8187K, capacity 8715K, committed 8832K, reserved 1048576K
Event: 18.578 GC heap after
Heap after GC invocations=15 (full 3):
 PSYoungGen      total 218112K, used 12187K [0x00000000e0000000, 0x00000000ef280000, 0x0000000100000000)
  eden space 197120K, 0% used [0x00000000e0000000,0x00000000e0000000,0x00000000ec080000)
  from space 20992K, 58% used [0x00000000ede00000,0x00000000ee9e6c38,0x00000000ef280000)
  to   space 25600K, 0% used [0x00000000ec080000,0x00000000ec080000,0x00000000ed980000)
 ParOldGen       total 301568K, used 42684K [0x00000000a0000000, 0x00000000b2680000, 0x00000000e0000000)
  object space 301568K, 14% used [0x00000000a0000000,0x00000000a29af038,0x00000000b2680000)
 Metaspace       used 61861K, capacity 64340K, committed 64640K, reserved 1105920K
  class space    used 8187K, capacity 8715K, committed 8832K, reserved 1048576K
}
Event: 67.254 GC heap before
{Heap before GC invocations=16 (full 3):
 PSYoungGen      total 218112K, used 123865K [0x00000000e0000000, 0x00000000ef280000, 0x0000000100000000)
  eden space 197120K, 56% used [0x00000000e0000000,0x00000000e6d0fb00,0x00000000ec080000)
  from space 20992K, 58% used [0x00000000ede00000,0x00000000ee9e6c38,0x00000000ef280000)
  to   space 25600K, 0% used [0x00000000ec080000,0x00000000ec080000,0x00000000ed980000)
 ParOldGen       total 301568K, used 42684K [0x00000000a0000000, 0x00000000b2680000, 0x00000000e0000000)
  object space 301568K, 14% used [0x00000000a0000000,0x00000000a29af038,0x00000000b2680000)
 Metaspace       used 62349K, capacity 64888K, committed 65152K, reserved 1105920K
  class space    used 8226K, capacity 8755K, committed 8832K, reserved 1048576K
Event: 67.264 GC heap after
Heap after GC invocations=16 (full 3):
 PSYoungGen      total 222720K, used 8160K [0x00000000e0000000, 0x00000000ef280000, 0x0000000100000000)
  eden space 197120K, 0% used [0x00000000e0000000,0x00000000e0000000,0x00000000ec080000)
  from space 25600K, 31% used [0x00000000ec080000,0x00000000ec878000,0x00000000ed980000)
  to   space 25600K, 0% used [0x00000000ed980000,0x00000000ed980000,0x00000000ef280000)
 ParOldGen       total 301568K, used 42692K [0x00000000a0000000, 0x00000000b2680000, 0x00000000e0000000)
  object space 301568K, 14% used [0x00000000a0000000,0x00000000a29b1038,0x00000000b2680000)
 Metaspace       used 62349K, capacity 64888K, committed 65152K, reserved 1105920K
  class space    used 8226K, capacity 8755K, committed 8832K, reserved 1048576K
}
Event: 67.264 GC heap before
{Heap before GC invocations=17 (full 4):
 PSYoungGen      total 222720K, used 8160K [0x00000000e0000000, 0x00000000ef280000, 0x0000000100000000)
  eden space 197120K, 0% used [0x00000000e0000000,0x00000000e0000000,0x00000000ec080000)
  from space 25600K, 31% used [0x00000000ec080000,0x00000000ec878000,0x00000000ed980000)
  to   space 25600K, 0% used [0x00000000ed980000,0x00000000ed980000,0x00000000ef280000)
 ParOldGen       total 301568K, used 42692K [0x00000000a0000000, 0x00000000b2680000, 0x00000000e0000000)
  object space 301568K, 14% used [0x00000000a0000000,0x00000000a29b1038,0x00000000b2680000)
 Metaspace       used 62349K, capacity 64888K, committed 65152K, reserved 1105920K
  class space    used 8226K, capacity 8755K, committed 8832K, reserved 1048576K

Deoptimization events (10 events):
Event: 18.769 Thread 0x000000001c681000 Uncommon trap: reason=class_check action=maybe_recompile pc=0x00000000039b8fbc method=java.util.concurrent.locks.ReentrantLock.lock()V @ 4
Event: 18.776 Thread 0x000000001864e000 Uncommon trap: reason=bimorphic action=maybe_recompile pc=0x0000000003bdd940 method=java.util.HashMap.removeNode(ILjava/lang/Object;Ljava/lang/Object;ZZ)Ljava/util/HashMap$Node; @ 143
Event: 20.894 Thread 0x00000000187f3000 Uncommon trap: reason=speculate_class_check action=maybe_recompile pc=0x00000000036eb06c method=java.util.AbstractList.listIterator()Ljava/util/ListIterator; @ 2
Event: 30.898 Thread 0x00000000187f3000 Uncommon trap: reason=speculate_class_check action=maybe_recompile pc=0x00000000036eb06c method=java.util.AbstractList.listIterator()Ljava/util/ListIterator; @ 2
Event: 40.894 Thread 0x00000000187f3000 Uncommon trap: reason=speculate_class_check action=maybe_recompile pc=0x00000000036eb06c method=java.util.AbstractList.listIterator()Ljava/util/ListIterator; @ 2
Event: 50.905 Thread 0x00000000187f3000 Uncommon trap: reason=unstable_if action=reinterpret pc=0x0000000003983f38 method=java.io.ExpiringCache.entryFor(Ljava/lang/String;)Ljava/io/ExpiringCache$Entry; @ 39
Event: 67.073 Thread 0x000000001864e000 Uncommon trap: reason=class_check action=maybe_recompile pc=0x0000000003bb7d98 method=com.google.common.collect.AbstractMapBasedMultimap.iteratorOrListIterator(Ljava/util/Collection;)Ljava/util/Iterator; @ 1
Event: 67.073 Thread 0x000000001864e000 Uncommon trap: reason=class_check action=maybe_recompile pc=0x0000000002bc54f0 method=com.google.common.collect.AbstractMapBasedMultimap$WrappedCollection.refreshIfEmpty()V @ 40
Event: 67.154 Thread 0x000000001864e000 Uncommon trap: reason=unstable_if action=reinterpret pc=0x000000000320e6b0 method=org.gradle.cache.internal.btree.BTreePersistentIndexedCache$IndexEntry.compareTo(Lorg/gradle/cache/internal/btree/BTreePersistentIndexedCache$IndexEntry;)I @ 23
Event: 67.156 Thread 0x000000001864e000 Uncommon trap: reason=unstable_if action=reinterpret pc=0x00000000039e5460 method=org.gradle.cache.internal.btree.BTreePersistentIndexedCache$IndexEntry.compareTo(Lorg/gradle/cache/internal/btree/BTreePersistentIndexedCache$IndexEntry;)I @ 23

Internal exceptions (10 events):
Event: 67.069 Thread 0x000000001864e000 Exception <a 'sun/nio/fs/WindowsException'> (0x00000000e5aaf8a0) thrown at [C:\src\android\AOSP-openjdk\external\jetbrains\jdk\hotspot\src\share\vm\prims\jni.cpp, line 709]
Event: 67.069 Thread 0x000000001864e000 Exception <a 'sun/nio/fs/WindowsException'> (0x00000000e5ab0550) thrown at [C:\src\android\AOSP-openjdk\external\jetbrains\jdk\hotspot\src\share\vm\prims\jni.cpp, line 709]
Event: 67.070 Thread 0x000000001864e000 Exception <a 'sun/nio/fs/WindowsException'> (0x00000000e5ab34c0) thrown at [C:\src\android\AOSP-openjdk\external\jetbrains\jdk\hotspot\src\share\vm\prims\jni.cpp, line 709]
Event: 67.070 Thread 0x000000001864e000 Exception <a 'sun/nio/fs/WindowsException'> (0x00000000e5ab4160) thrown at [C:\src\android\AOSP-openjdk\external\jetbrains\jdk\hotspot\src\share\vm\prims\jni.cpp, line 709]
Event: 67.070 Thread 0x000000001864e000 Exception <a 'sun/nio/fs/WindowsException'> (0x00000000e5ab5e40) thrown at [C:\src\android\AOSP-openjdk\external\jetbrains\jdk\hotspot\src\share\vm\prims\jni.cpp, line 709]
Event: 67.070 Thread 0x000000001864e000 Exception <a 'sun/nio/fs/WindowsException'> (0x00000000e5ab6b18) thrown at [C:\src\android\AOSP-openjdk\external\jetbrains\jdk\hotspot\src\share\vm\prims\jni.cpp, line 709]
Event: 67.070 Thread 0x000000001864e000 Exception <a 'sun/nio/fs/WindowsException'> (0x00000000e5ab9be0) thrown at [C:\src\android\AOSP-openjdk\external\jetbrains\jdk\hotspot\src\share\vm\prims\jni.cpp, line 709]
Event: 67.070 Thread 0x000000001864e000 Exception <a 'sun/nio/fs/WindowsException'> (0x00000000e5aba8f0) thrown at [C:\src\android\AOSP-openjdk\external\jetbrains\jdk\hotspot\src\share\vm\prims\jni.cpp, line 709]
Event: 67.070 Thread 0x000000001864e000 Exception <a 'sun/nio/fs/WindowsException'> (0x00000000e5abc648) thrown at [C:\src\android\AOSP-openjdk\external\jetbrains\jdk\hotspot\src\share\vm\prims\jni.cpp, line 709]
Event: 67.070 Thread 0x000000001864e000 Exception <a 'sun/nio/fs/WindowsException'> (0x00000000e5abd390) thrown at [C:\src\android\AOSP-openjdk\external\jetbrains\jdk\hotspot\src\share\vm\prims\jni.cpp, line 709]

Events (10 events):
Event: 67.230 loading class org/gradle/execution/TaskNameResolver$MultiProjectTaskSelectionResult
Event: 67.230 loading class org/gradle/execution/TaskNameResolver$MultiProjectTaskSelectionResult done
Event: 67.232 loading class org/gradle/execution/TaskNameResolver$FixedTaskSelectionResult
Event: 67.232 loading class org/gradle/execution/TaskNameResolver$FixedTaskSelectionResult done
Event: 67.250 Thread 0x000000001956c800 Thread added: 0x000000001956c800
Event: 67.252 loading class org/gradle/api/tasks/Delete$1
Event: 67.252 loading class org/gradle/api/tasks/Delete$1 done
Event: 67.252 loading class org/gradle/api/internal/file/delete/DefaultDeleteSpec
Event: 67.252 loading class org/gradle/api/internal/file/delete/DefaultDeleteSpec done
Event: 67.254 Executing VM operation: ParallelGCSystemGC


Dynamic libraries:
0x00007ff7c49d0000 - 0x00007ff7c4a01000 	C:\Program Files\Android\Android Studio\jre\bin\java.exe
0x00007fffeff50000 - 0x00007ffff0112000 	C:\Windows\SYSTEM32\ntdll.dll
0x00007fffeefb0000 - 0x00007fffef05d000 	C:\Windows\system32\KERNEL32.DLL
0x00007fffdaa60000 - 0x00007fffdaa93000 	C:\Program Files\AVAST Software\Avast\x64\aswhooka.dll
0x00007fffed430000 - 0x00007fffed60d000 	C:\Windows\system32\KERNELBASE.dll
0x00007fffefea0000 - 0x00007fffeff46000 	C:\Windows\system32\ADVAPI32.dll
0x00007fffef3d0000 - 0x00007fffef46d000 	C:\Windows\system32\msvcrt.dll
0x00007fffef1b0000 - 0x00007fffef20b000 	C:\Windows\system32\sechost.dll
0x00007fffef620000 - 0x00007fffef746000 	C:\Windows\system32\RPCRT4.dll
0x00007fffefcf0000 - 0x00007fffefe3e000 	C:\Windows\system32\USER32.dll
0x00007fffefa80000 - 0x00007fffefc05000 	C:\Windows\system32\GDI32.dll
0x00007fffe7450000 - 0x00007fffe76c4000 	C:\Windows\WinSxS\amd64_microsoft.windows.common-controls_6595b64144ccf1df_6.0.10240.17184_none_f41d7a705752bce6\COMCTL32.dll
0x00007fffef750000 - 0x00007fffef786000 	C:\Windows\system32\IMM32.DLL
0x00007fffef270000 - 0x00007fffef3cc000 	C:\Windows\system32\MSCTF.dll
0x000000006a3a0000 - 0x000000006a472000 	C:\Program Files\Android\Android Studio\jre\jre\bin\msvcr100.dll
0x000000006a580000 - 0x000000006adbc000 	C:\Program Files\Android\Android Studio\jre\jre\bin\server\jvm.dll
0x00007fffed670000 - 0x00007fffed678000 	C:\Windows\system32\PSAPI.DLL
0x00007fffe5790000 - 0x00007fffe5799000 	C:\Windows\SYSTEM32\WSOCK32.dll
0x00007fffefa10000 - 0x00007fffefa79000 	C:\Windows\system32\WS2_32.dll
0x00007fffed710000 - 0x00007fffed718000 	C:\Windows\system32\NSI.dll
0x00007fffea890000 - 0x00007fffea8b3000 	C:\Windows\SYSTEM32\WINMM.dll
0x00007fffe6510000 - 0x00007fffe651a000 	C:\Windows\SYSTEM32\VERSION.dll
0x00007fffea860000 - 0x00007fffea88c000 	C:\Windows\SYSTEM32\WINMMBASE.dll
0x00007fffed040000 - 0x00007fffed084000 	C:\Windows\system32\cfgmgr32.dll
0x00007fffeb140000 - 0x00007fffeb167000 	C:\Windows\SYSTEM32\DEVOBJ.dll
0x00007fffe7a50000 - 0x00007fffe7a5f000 	C:\Program Files\Android\Android Studio\jre\jre\bin\verify.dll
0x00007fffe26e0000 - 0x00007fffe2709000 	C:\Program Files\Android\Android Studio\jre\jre\bin\java.dll
0x00007fffe2b70000 - 0x00007fffe2b86000 	C:\Program Files\Android\Android Studio\jre\jre\bin\zip.dll
0x00007fffed9d0000 - 0x00007fffeeef3000 	C:\Windows\system32\SHELL32.dll
0x00007fffeca10000 - 0x00007fffed039000 	C:\Windows\system32\windows.storage.dll
0x00007fffef790000 - 0x00007fffefa0c000 	C:\Windows\system32\combase.dll
0x00007fffef210000 - 0x00007fffef261000 	C:\Windows\system32\shlwapi.dll
0x00007fffec990000 - 0x00007fffec99f000 	C:\Windows\system32\kernel.appcore.dll
0x00007fffed140000 - 0x00007fffed1f3000 	C:\Windows\system32\shcore.dll
0x00007fffec9a0000 - 0x00007fffec9ea000 	C:\Windows\system32\powrprof.dll
0x00007fffec970000 - 0x00007fffec983000 	C:\Windows\system32\profapi.dll
0x00007fffe1d70000 - 0x00007fffe1d8a000 	C:\Program Files\Android\Android Studio\jre\jre\bin\net.dll
0x00007fffec160000 - 0x00007fffec1bd000 	C:\Windows\system32\mswsock.dll
0x00007fffe0000000 - 0x00007fffe0011000 	C:\Program Files\Android\Android Studio\jre\jre\bin\nio.dll
0x00007fffcb3b0000 - 0x00007fffcb3ce000 	C:\Users\TM-PC-i5\.gradle\native\23\windows-amd64\native-platform.dll
0x00007fffec2d0000 - 0x00007fffec2e7000 	C:\Windows\SYSTEM32\CRYPTSP.dll
0x00007fffec4b0000 - 0x00007fffec4d8000 	C:\Windows\SYSTEM32\bcrypt.dll
0x00007fffebe80000 - 0x00007fffebeb3000 	C:\Windows\system32\rsaenh.dll
0x00007fffebf70000 - 0x00007fffebf8f000 	C:\Windows\SYSTEM32\USERENV.dll
0x00007fffec7c0000 - 0x00007fffec82b000 	C:\Windows\system32\bcryptprimitives.dll
0x00007fffec4a0000 - 0x00007fffec4ab000 	C:\Windows\SYSTEM32\CRYPTBASE.dll
0x00007fffea120000 - 0x00007fffea158000 	C:\Windows\SYSTEM32\IPHLPAPI.DLL
0x00007fffea110000 - 0x00007fffea11b000 	C:\Windows\SYSTEM32\WINNSI.DLL
0x00007fffe9580000 - 0x00007fffe9596000 	C:\Windows\SYSTEM32\dhcpcsvc6.DLL
0x00007fffe7c10000 - 0x00007fffe7c2a000 	C:\Windows\SYSTEM32\dhcpcsvc.DLL
0x00007fffe5d40000 - 0x00007fffe5d4d000 	C:\Program Files\Android\Android Studio\jre\jre\bin\management.dll
0x00007fffeac80000 - 0x00007fffeacf8000 	C:\Windows\system32\apphelp.dll
0x00007fffd2560000 - 0x00007fffd26ea000 	C:\Windows\SYSTEM32\dbghelp.dll

VM Arguments:
jvm_args: -Xmx1536m -Dfile.encoding=windows-1252 -Duser.country=US -Duser.language=en -Duser.variant 
java_command: org.gradle.launcher.daemon.bootstrap.GradleDaemon 3.3
java_class_path (initial): C:\Users\TM-PC-i5\.gradle\wrapper\dists\gradle-3.3-all\55gk2rcmfc6p2dg9u9ohc3hw9\gradle-3.3\lib\gradle-launcher-3.3.jar
Launcher Type: SUN_STANDARD

Environment Variables:
PATH=C:\ProgramData\Oracle\Java\javapath;C:\Windows\system32;C:\Windows;C:\Windows\System32\Wbem;C:\Windows\System32\WindowsPowerShell\v1.0\;C:\Program Files (x86)\GtkSharp\2.12\bin;C:\Program Files (x86)\Windows Live\Shared;C:\Program Files (x86)\Skype\Phone\;C:\adb;C:\Users\TM-PC-i5\AppData\Local\Android\sdk\platform-tools;C:\Users\TM-PC-i5\AppData\Local\Android\sdk\platforms
USERNAME=TM-PC-i5
OS=Windows_NT
PROCESSOR_IDENTIFIER=Intel64 Family 6 Model 60 Stepping 3, GenuineIntel



---------------  S Y S T E M  ---------------

OS: Windows 10.0 , 64 bit Build 10240 (10.0.10240.17113)

CPU:total 4 (4 cores per cpu, 1 threads per core) family 6 model 60 stepping 3, cmov, cx8, fxsr, mmx, sse, sse2, sse3, ssse3, sse4.1, sse4.2, popcnt, avx, avx2, aes, clmul, erms, lzcnt, tsc, tscinvbit, bmi1, bmi2

Memory: 4k page, physical 16657692k(10591724k free), swap 19148060k(12273780k free)

vm_info: OpenJDK 64-Bit Server VM (25.112-b06) for windows-amd64 JRE (1.8.0_112-release-b06), built on Dec  8 2016 00:54:26 by "builder" with MS VC++ 10.0 (VS2010)

time: Sun Apr 09 14:38:46 2017
elapsed time: 67 seconds (0d 0h 1m 7s)

